<?xml version="1.0" encoding="UTF-8"?><testsuites time="0.253"><testsuite name="home page" tests="4" failures="0" errors="0" time="0.253" timestamp="2014-05-08T23:54:00.657Z" package="test/acceptance/home_page_test"><testcase name="HTTP status code is: 200" classname="test/acceptance/home_page_test" time="0.193"></testcase><testcase name="title is High Energy Physics Labs" classname="test/acceptance/home_page_test" time="0.02"></testcase><testcase name="Find an element matching: div.lab-detail" classname="test/acceptance/home_page_test" time="0.021"></testcase><testcase name="Find &quot;This list contains some of the largest high energy physics (HEP) labs in the world&quot; within the selector &quot;div.lab-detail&quot;" classname="test/acceptance/home_page_test" time="0.019"></testcase><system-out></system-out></testsuite></testsuites>